{
  "RSpec": {
    "coverage": {
      "/home/bartezic/frp/wed/app/controllers/categories_controller.rb": [
        1,
        1,
        0,
        0,
        null,
        null
      ],
      "/home/bartezic/frp/wed/app/controllers/application_controller.rb": [
        1,
        null,
        null,
        1,
        1,
        1,
        null,
        1,
        0,
        0,
        null,
        null,
        1,
        0,
        null,
        0,
        null,
        0,
        null,
        null,
        null,
        1,
        null,
        1,
        0,
        null,
        null,
        null
      ]
    },
    "timestamp": 1401651085
  }
}
